<?xml version='1.0' encoding='UTF-8'?>
<testsuite hostname="macbook-pro-de-nicolas-2.home" name="EntryTest" tests="5" errors="0" failures="0" skipped="0" time="0.052" timestamp="2019-10-15T17:40:15">
                     <properties>
[...]
</properties>
                     <testcase classname="EntryTest" name="txt" time="0.049">
                                                 
                                               </testcase><testcase classname="EntryTest" name="txt" time="0.001">
                                                 
                                               </testcase><testcase classname="EntryTest" name="If you try to get the file name for testing/b/c you should get c" time="0.0">
                                                 
                                               </testcase><testcase classname="EntryTest" name="txt you should get b/c" time="0.002">
                                                 
                                               </testcase><testcase classname="EntryTest" name="If you try to get the file path for b/c you should get the same unchanged path, so: b/c" time="0.0">
                                                 
                                               </testcase>
                     <system-out><![CDATA[]]></system-out>
                     <system-err><![CDATA[]]></system-err>
                   </testsuite>