<?xml version='1.0' encoding='UTF-8'?>
<testsuite hostname="macbook-pro-de-nicolas-2.home" name="DiffTest" tests="4" errors="0" failures="0" skipped="0" time="0.052" timestamp="2019-10-15T19:38:54">
                     <properties>
[...]
</properties>
                     <testcase classname="DiffTest" name="If you try to get the diff of the same file you should get a Seq filled only with KEEP operations" time="0.048">
                                                 
                                               </testcase><testcase classname="DiffTest" name="If you try to get the diff and the files has 1 line that is different you should get a Seq with the right amount of Delta (1 ADD and 1 REMOVE so 2)" time="0.001">
                                                 
                                               </testcase><testcase classname="DiffTest" name="If you try to get the diff and the files has 2 lines that are different you should get a Seq with the right amount of Delta (2 add and 2 remove so 4)" time="0.003">
                                                 
                                               </testcase><testcase classname="DiffTest" name="If you try to get the diff and the second text is empty you should get a Seq asking to remove all the lines from text1" time="0.0">
                                                 
                                               </testcase>
                     <system-out><![CDATA[]]></system-out>
                     <system-err><![CDATA[]]></system-err>
                   </testsuite>